
                                      ARENA Simulation Results
                                      zishan - License: STUDENT

                                  Summary for Replication 1 of 1

Project: Unnamed Project                                             Run execution date : 3/30/2022
Analyst: zishan                                                      Model revision date: 3/30/2022

Replication ended at time      : 5.0 Hours 
Base Time Units: Hours

                                           TALLY VARIABLES

Identifier                                  Average   Half Width  Minimum    Maximum   Observations
___________________________________________________________________________________________________

Entity 1.VATime                             .30303     (Insuf)    .00000     .33333         11    
Entity 1.NVATime                            .00000     (Insuf)    .00000     .00000         11    
Entity 1.WaitTime                           .00000     (Insuf)    .00000     .00000         11    
Entity 1.TranTime                           .00000     (Insuf)    .00000     .00000         11    
Entity 1.OtherTime                          .00000     (Insuf)    .00000     .00000         11    
Entity 1.TotalTime                          .30303     (Insuf)    .00000     .33333         11    
WaitingQueue.Queue.WaitingTime              .00000     (Insuf)    .00000     .00000         10    
WorkingQueue.Queue.WaitingTime              .00000     (Insuf)    .00000     .00000         10    

                                     DISCRETE-CHANGE VARIABLES

Identifier                                  Average   Half Width  Minimum    Maximum   Final Value
___________________________________________________________________________________________________

Entity 1.WIP                                .66667     (Insuf)    .00000     1.0000     .00000    
Resource 1.NumberBusy                       .66667     (Insuf)    .00000     1.0000     .00000    
Resource 1.NumberScheduled                  1.0000     (Insuf)    1.0000     1.0000     1.0000    
Resource 1.Utilization                      .66667     (Insuf)    .00000     1.0000     .00000    
WaitingQueue.Queue.NumberInQueue            .00000     (Insuf)    .00000     .00000     .00000    
WorkingQueue.Queue.NumberInQueue            .00000     (Insuf)    .00000     .00000     .00000    

                                             OUTPUTS

Identifier                                   Value
_____________________________________________________________

Entity 1.NumberIn                           11.000    
Entity 1.NumberOut                          11.000    
Resource 1.NumberSeized                     20.000    
Resource 1.ScheduledUtilization             .66667    
System.NumberOut                            11.000    


Simulation run time: 0.03 minutes.
Simulation run complete.
